# JRE version: Java(TM) SE Runtime Environment 18.9 (11.0.15+8) (build 11.0.15+8-LTS-149)
# Java VM: Java HotSpot(TM) 64-Bit Server VM 18.9 (11.0.15+8-LTS-149, mixed mode, tiered, compressed oops, g1 gc, windows-amd64)
Heap:
 garbage-first heap   total 157696K, used 30437K [0x0000000080000000, 0x0000000100000000)
  region size 1024K, 26 young (26624K), 3 survivors (3072K)
 Metaspace       used 27714K, capacity 28332K, committed 28544K, reserved 1075200K
  class space    used 3131K, capacity 3389K, committed 3456K, reserved 1048576K
GC Heap History (10 events):
Event: 1.159 GC heap before
{Heap before GC invocations=1 (full 0):
 garbage-first heap   total 131072K, used 8509K [0x0000000080000000, 0x0000000100000000)
  region size 1024K, 6 young (6144K), 1 survivors (1024K)
 Metaspace       used 10333K, capacity 10476K, committed 10496K, reserved 1058816K
  class space    used 966K, capacity 1021K, committed 1024K, reserved 1048576K
}
Event: 1.164 GC heap after
{Heap after GC invocations=2 (full 0):
 garbage-first heap   total 131072K, used 4271K [0x0000000080000000, 0x0000000100000000)
  region size 1024K, 1 young (1024K), 1 survivors (1024K)
 Metaspace       used 10333K, capacity 10476K, committed 10496K, reserved 1058816K
  class space    used 966K, capacity 1021K, committed 1024K, reserved 1048576K
}
Event: 1.682 GC heap before
{Heap before GC invocations=2 (full 0):
 garbage-first heap   total 131072K, used 15535K [0x0000000080000000, 0x0000000100000000)
  region size 1024K, 12 young (12288K), 1 survivors (1024K)
 Metaspace       used 14280K, capacity 14525K, committed 14720K, reserved 1062912K
  class space    used 1435K, capacity 1551K, committed 1664K, reserved 1048576K
}
Event: 1.688 GC heap after
{Heap after GC invocations=3 (full 0):
 garbage-first heap   total 131072K, used 5157K [0x0000000080000000, 0x0000000100000000)
  region size 1024K, 2 young (2048K), 2 survivors (2048K)
 Metaspace       used 14280K, capacity 14525K, committed 14720K, reserved 1062912K
  class space    used 1435K, capacity 1551K, committed 1664K, reserved 1048576K
}
Event: 2.301 GC heap before
{Heap before GC invocations=3 (full 0):
 garbage-first heap   total 131072K, used 20517K [0x0000000080000000, 0x0000000100000000)
  region size 1024K, 17 young (17408K), 2 survivors (2048K)
 Metaspace       used 17873K, capacity 18313K, committed 18560K, reserved 1064960K
  class space    used 1932K, capacity 2122K, committed 2176K, reserved 1048576K
}
Event: 2.310 GC heap after
{Heap after GC invocations=4 (full 0):
 garbage-first heap   total 131072K, used 6197K [0x0000000080000000, 0x0000000100000000)
  region size 1024K, 2 young (2048K), 2 survivors (2048K)
 Metaspace       used 17873K, capacity 18313K, committed 18560K, reserved 1064960K
  class space    used 1932K, capacity 2122K, committed 2176K, reserved 1048576K
}
Event: 2.642 GC heap before
{Heap before GC invocations=4 (full 0):
 garbage-first heap   total 131072K, used 16437K [0x0000000080000000, 0x0000000100000000)
  region size 1024K, 14 young (14336K), 2 survivors (2048K)
 Metaspace       used 20609K, capacity 21113K, committed 21248K, reserved 1069056K
  class space    used 2248K, capacity 2485K, committed 2560K, reserved 1048576K
}
Event: 2.654 GC heap after
{Heap after GC invocations=5 (full 0):
 garbage-first heap   total 157696K, used 6651K [0x0000000080000000, 0x0000000100000000)
  region size 1024K, 2 young (2048K), 2 survivors (2048K)
 Metaspace       used 20609K, capacity 21113K, committed 21248K, reserved 1069056K
  class space    used 2248K, capacity 2485K, committed 2560K, reserved 1048576K
}
Event: 3.482 GC heap before
{Heap before GC invocations=6 (full 0):
 garbage-first heap   total 157696K, used 32251K [0x0000000080000000, 0x0000000100000000)
  region size 1024K, 27 young (27648K), 2 survivors (2048K)
 Metaspace       used 24584K, capacity 25193K, committed 25344K, reserved 1071104K
  class space    used 2764K, capacity 3015K, committed 3072K, reserved 1048576K
}
Event: 3.492 GC heap after
{Heap after GC invocations=7 (full 0):
 garbage-first heap   total 157696K, used 7909K [0x0000000080000000, 0x0000000100000000)
  region size 1024K, 3 young (3072K), 3 survivors (3072K)
 Metaspace       used 24584K, capacity 25193K, committed 25344K, reserved 1071104K
  class space    used 2764K, capacity 3015K, committed 3072K, reserved 1048576K
}

