# JRE version: Java(TM) SE Runtime Environment 18.9 (11.0.15+8) (build 11.0.15+8-LTS-149)
# Java VM: Java HotSpot(TM) 64-Bit Server VM 18.9 (11.0.15+8-LTS-149, mixed mode, tiered, compressed oops, g1 gc, windows-amd64)
Heap:
 garbage-first heap   total 229376K, used 32251K [0x0000000080000000, 0x0000000100000000)
  region size 1024K, 6 young (6144K), 6 survivors (6144K)
 Metaspace       used 58903K, capacity 60156K, committed 60296K, reserved 1101824K
  class space    used 7336K, capacity 7862K, committed 7888K, reserved 1048576K
GC Heap History (10 events):
Event: 6.641 GC heap after
{Heap after GC invocations=9 (full 0):
 garbage-first heap   total 157696K, used 14608K [0x0000000080000000, 0x0000000100000000)
  region size 1024K, 8 young (8192K), 8 survivors (8192K)
 Metaspace       used 34323K, capacity 35099K, committed 35328K, reserved 1081344K
  class space    used 3962K, capacity 4255K, committed 4352K, reserved 1048576K
}
Event: 7.163 GC heap before
{Heap before GC invocations=9 (full 0):
 garbage-first heap   total 157696K, used 26896K [0x0000000080000000, 0x0000000100000000)
  region size 1024K, 21 young (21504K), 8 survivors (8192K)
 Metaspace       used 35139K, capacity 35850K, committed 35920K, reserved 1081344K
  class space    used 4097K, capacity 4392K, committed 4432K, reserved 1048576K
}
Event: 7.187 GC heap after
{Heap after GC invocations=10 (full 0):
 garbage-first heap   total 190464K, used 15567K [0x0000000080000000, 0x0000000100000000)
  region size 1024K, 7 young (7168K), 7 survivors (7168K)
 Metaspace       used 35139K, capacity 35850K, committed 35920K, reserved 1081344K
  class space    used 4097K, capacity 4392K, committed 4432K, reserved 1048576K
}
Event: 9.496 GC heap before
{Heap before GC invocations=11 (full 0):
 garbage-first heap   total 190464K, used 83151K [0x0000000080000000, 0x0000000100000000)
  region size 1024K, 73 young (74752K), 7 survivors (7168K)
 Metaspace       used 42434K, capacity 43348K, committed 43600K, reserved 1087488K
  class space    used 4978K, capacity 5363K, committed 5456K, reserved 1048576K
}
Event: 9.528 GC heap after
{Heap after GC invocations=12 (full 0):
 garbage-first heap   total 190464K, used 23418K [0x0000000080000000, 0x0000000100000000)
  region size 1024K, 9 young (9216K), 9 survivors (9216K)
 Metaspace       used 42434K, capacity 43348K, committed 43600K, reserved 1087488K
  class space    used 4978K, capacity 5363K, committed 5456K, reserved 1048576K
}
Event: 11.883 GC heap before
{Heap before GC invocations=12 (full 0):
 garbage-first heap   total 190464K, used 105338K [0x0000000080000000, 0x0000000100000000)
  region size 1024K, 89 young (91136K), 9 survivors (9216K)
 Metaspace       used 47002K, capacity 48014K, committed 48336K, reserved 1091584K
  class space    used 5599K, capacity 6021K, committed 6096K, reserved 1048576K
}
Event: 11.916 GC heap after
{Heap after GC invocations=13 (full 0):
 garbage-first heap   total 190464K, used 27084K [0x0000000080000000, 0x0000000100000000)
  region size 1024K, 4 young (4096K), 4 survivors (4096K)
 Metaspace       used 47002K, capacity 48014K, committed 48336K, reserved 1091584K
  class space    used 5599K, capacity 6021K, committed 6096K, reserved 1048576K
}
Event: 14.267 GC heap before
{Heap before GC invocations=13 (full 0):
 garbage-first heap   total 190464K, used 114124K [0x0000000080000000, 0x0000000100000000)
  region size 1024K, 89 young (91136K), 4 survivors (4096K)
 Metaspace       used 55541K, capacity 56811K, committed 57168K, reserved 1099776K
  class space    used 6853K, capacity 7366K, committed 7504K, reserved 1048576K
}
Event: 14.293 GC heap after
{Heap after GC invocations=14 (full 0):
 garbage-first heap   total 190464K, used 30614K [0x0000000080000000, 0x0000000100000000)
  region size 1024K, 8 young (8192K), 8 survivors (8192K)
 Metaspace       used 55541K, capacity 56811K, committed 57168K, reserved 1099776K
  class space    used 6853K, capacity 7366K, committed 7504K, reserved 1048576K
}
Event: 15.153 GC heap before
{Heap before GC invocations=14 (full 0):
 garbage-first heap   total 190464K, used 52118K [0x0000000080000000, 0x0000000100000000)
  region size 1024K, 30 young (30720K), 8 survivors (8192K)
 Metaspace       used 58903K, capacity 60156K, committed 60296K, reserved 1101824K
  class space    used 7336K, capacity 7862K, committed 7888K, reserved 1048576K
}

