# JRE version: Java(TM) SE Runtime Environment 18.9 (11.0.15+8) (build 11.0.15+8-LTS-149)
# Java VM: Java HotSpot(TM) 64-Bit Server VM 18.9 (11.0.15+8-LTS-149, mixed mode, tiered, compressed oops, g1 gc, windows-amd64)
Heap:
 garbage-first heap   total 189440K, used 63238K [0x0000000080000000, 0x0000000100000000)
  region size 1024K, 34 young (34816K), 6 survivors (6144K)
 Metaspace       used 68883K, capacity 70350K, committed 70656K, reserved 1110016K
  class space    used 8553K, capacity 9139K, committed 9216K, reserved 1048576K
GC Heap History (10 events):
Event: 11.911 GC heap before
{Heap before GC invocations=8 (full 0):
 garbage-first heap   total 131072K, used 89995K [0x0000000080000000, 0x0000000100000000)
  region size 1024K, 76 young (77824K), 4 survivors (4096K)
 Metaspace       used 42607K, capacity 43573K, committed 43904K, reserved 1087488K
  class space    used 4989K, capacity 5395K, committed 5504K, reserved 1048576K
}
Event: 11.942 GC heap after
{Heap after GC invocations=9 (full 0):
 garbage-first heap   total 157696K, used 23025K [0x0000000080000000, 0x0000000100000000)
  region size 1024K, 10 young (10240K), 10 survivors (10240K)
 Metaspace       used 42607K, capacity 43573K, committed 43904K, reserved 1087488K
  class space    used 4989K, capacity 5395K, committed 5504K, reserved 1048576K
}
Event: 14.335 GC heap before
{Heap before GC invocations=9 (full 0):
 garbage-first heap   total 157696K, used 103921K [0x0000000080000000, 0x0000000100000000)
  region size 1024K, 89 young (91136K), 10 survivors (10240K)
 Metaspace       used 47035K, capacity 48079K, committed 48384K, reserved 1091584K
  class space    used 5596K, capacity 6021K, committed 6144K, reserved 1048576K
}
Event: 14.374 GC heap after
{Heap after GC invocations=10 (full 0):
 garbage-first heap   total 157696K, used 27120K [0x0000000080000000, 0x0000000100000000)
  region size 1024K, 4 young (4096K), 4 survivors (4096K)
 Metaspace       used 47035K, capacity 48079K, committed 48384K, reserved 1091584K
  class space    used 5596K, capacity 6021K, committed 6144K, reserved 1048576K
}
Event: 17.263 GC heap before
{Heap before GC invocations=10 (full 0):
 garbage-first heap   total 157696K, used 111088K [0x0000000080000000, 0x0000000100000000)
  region size 1024K, 86 young (88064K), 4 survivors (4096K)
 Metaspace       used 55032K, capacity 56299K, committed 56576K, reserved 1097728K
  class space    used 6783K, capacity 7302K, committed 7424K, reserved 1048576K
}
Event: 17.288 GC heap after
{Heap after GC invocations=11 (full 0):
 garbage-first heap   total 157696K, used 30192K [0x0000000080000000, 0x0000000100000000)
  region size 1024K, 7 young (7168K), 7 survivors (7168K)
 Metaspace       used 55032K, capacity 56299K, committed 56576K, reserved 1097728K
  class space    used 6783K, capacity 7302K, committed 7424K, reserved 1048576K
}
Event: 18.108 GC heap before
{Heap before GC invocations=11 (full 0):
 garbage-first heap   total 157696K, used 53744K [0x0000000080000000, 0x0000000100000000)
  region size 1024K, 31 young (31744K), 7 survivors (7168K)
 Metaspace       used 58454K, capacity 59767K, committed 59904K, reserved 1101824K
  class space    used 7272K, capacity 7817K, committed 7936K, reserved 1048576K
}
Event: 18.140 GC heap after
{Heap after GC invocations=12 (full 0):
 garbage-first heap   total 157696K, used 32271K [0x0000000080000000, 0x0000000100000000)
  region size 1024K, 6 young (6144K), 6 survivors (6144K)
 Metaspace       used 58454K, capacity 59767K, committed 59904K, reserved 1101824K
  class space    used 7272K, capacity 7817K, committed 7936K, reserved 1048576K
}
Event: 87.565 GC heap before
{Heap before GC invocations=13 (full 0):
 garbage-first heap   total 157696K, used 97807K [0x0000000080000000, 0x0000000100000000)
  region size 1024K, 71 young (72704K), 6 survivors (6144K)
 Metaspace       used 65655K, capacity 67090K, committed 67200K, reserved 1107968K
  class space    used 8172K, capacity 8758K, committed 8832K, reserved 1048576K
}
Event: 87.596 GC heap after
{Heap after GC invocations=14 (full 0):
 garbage-first heap   total 189440K, used 35590K [0x0000000080000000, 0x0000000100000000)
  region size 1024K, 6 young (6144K), 6 survivors (6144K)
 Metaspace       used 65655K, capacity 67090K, committed 67200K, reserved 1107968K
  class space    used 8172K, capacity 8758K, committed 8832K, reserved 1048576K
}

