# JRE version: Java(TM) SE Runtime Environment 18.9 (11.0.15+8) (build 11.0.15+8-LTS-149)
# Java VM: Java HotSpot(TM) 64-Bit Server VM 18.9 (11.0.15+8-LTS-149, mixed mode, tiered, compressed oops, g1 gc, windows-amd64)
Heap:
 garbage-first heap   total 189440K, used 75385K [0x0000000080000000, 0x0000000100000000)
  region size 1024K, 68 young (69632K), 7 survivors (7168K)
 Metaspace       used 41239K, capacity 42347K, committed 42496K, reserved 1087488K
  class space    used 4865K, capacity 5337K, committed 5376K, reserved 1048576K
GC Heap History (10 events):
Event: 2.866 GC heap before
{Heap before GC invocations=4 (full 0):
 garbage-first heap   total 131072K, used 28026K [0x0000000080000000, 0x0000000100000000)
  region size 1024K, 23 young (23552K), 2 survivors (2048K)
 Metaspace       used 18650K, capacity 19172K, committed 19456K, reserved 1067008K
  class space    used 2066K, capacity 2244K, committed 2304K, reserved 1048576K
}
Event: 2.876 GC heap after
{Heap after GC invocations=5 (full 0):
 garbage-first heap   total 157696K, used 7601K [0x0000000080000000, 0x0000000100000000)
  region size 1024K, 3 young (3072K), 3 survivors (3072K)
 Metaspace       used 18650K, capacity 19172K, committed 19456K, reserved 1067008K
  class space    used 2066K, capacity 2244K, committed 2304K, reserved 1048576K
}
Event: 3.208 GC heap before
{Heap before GC invocations=5 (full 0):
 garbage-first heap   total 157696K, used 16817K [0x0000000080000000, 0x0000000100000000)
  region size 1024K, 13 young (13312K), 3 survivors (3072K)
 Metaspace       used 20645K, capacity 21177K, committed 21248K, reserved 1069056K
  class space    used 2295K, capacity 2512K, committed 2560K, reserved 1048576K
}
Event: 3.217 GC heap after
{Heap after GC invocations=6 (full 0):
 garbage-first heap   total 157696K, used 7936K [0x0000000080000000, 0x0000000100000000)
  region size 1024K, 3 young (3072K), 3 survivors (3072K)
 Metaspace       used 20645K, capacity 21177K, committed 21248K, reserved 1069056K
  class space    used 2295K, capacity 2512K, committed 2560K, reserved 1048576K
}
Event: 4.652 GC heap before
{Heap before GC invocations=7 (full 0):
 garbage-first heap   total 157696K, used 46848K [0x0000000080000000, 0x0000000100000000)
  region size 1024K, 42 young (43008K), 3 survivors (3072K)
 Metaspace       used 25530K, capacity 26187K, committed 26240K, reserved 1073152K
  class space    used 2915K, capacity 3182K, committed 3200K, reserved 1048576K
}
Event: 4.666 GC heap after
{Heap after GC invocations=8 (full 0):
 garbage-first heap   total 157696K, used 9648K [0x0000000080000000, 0x0000000100000000)
  region size 1024K, 5 young (5120K), 5 survivors (5120K)
 Metaspace       used 25530K, capacity 26187K, committed 26240K, reserved 1073152K
  class space    used 2915K, capacity 3182K, committed 3200K, reserved 1048576K
}
Event: 7.102 GC heap before
{Heap before GC invocations=8 (full 0):
 garbage-first heap   total 157696K, used 65968K [0x0000000080000000, 0x0000000100000000)
  region size 1024K, 60 young (61440K), 5 survivors (5120K)
 Metaspace       used 32170K, capacity 33168K, committed 33408K, reserved 1079296K
  class space    used 3760K, capacity 4148K, committed 4224K, reserved 1048576K
}
Event: 7.126 GC heap after
{Heap after GC invocations=9 (full 0):
 garbage-first heap   total 157696K, used 12412K [0x0000000080000000, 0x0000000100000000)
  region size 1024K, 7 young (7168K), 7 survivors (7168K)
 Metaspace       used 32170K, capacity 33168K, committed 33408K, reserved 1079296K
  class space    used 3760K, capacity 4148K, committed 4224K, reserved 1048576K
}
Event: 8.066 GC heap before
{Heap before GC invocations=9 (full 0):
 garbage-first heap   total 157696K, used 41084K [0x0000000080000000, 0x0000000100000000)
  region size 1024K, 31 young (31744K), 7 survivors (7168K)
 Metaspace       used 34807K, capacity 35770K, committed 35840K, reserved 1081344K
  class space    used 4051K, capacity 4441K, committed 4480K, reserved 1048576K
}
Event: 8.092 GC heap after
{Heap after GC invocations=10 (full 0):
 garbage-first heap   total 189440K, used 13945K [0x0000000080000000, 0x0000000100000000)
  region size 1024K, 7 young (7168K), 7 survivors (7168K)
 Metaspace       used 34807K, capacity 35770K, committed 35840K, reserved 1081344K
  class space    used 4051K, capacity 4441K, committed 4480K, reserved 1048576K
}

