# JRE version: OpenJDK Runtime Environment (18.0.2.1+1) (build 18.0.2.1+1-1)
# Java VM: OpenJDK 64-Bit Server VM (18.0.2.1+1-1, mixed mode, sharing, tiered, compressed oops, compressed class ptrs, g1 gc, windows-amd64)
GC Precious Log:
 CardTable entry size: 512
 Card Set container configuration: InlinePtr #cards 5 size 8 Array Of Cards #cards 12 size 40 Howl #buckets 4 coarsen threshold 1843 Howl Bitmap #cards 512 size 80 coarsen threshold 460 Card regions per heap region 1 cards per card region 2048
 CPUs: 2 total, 2 available
 Memory: 8190M
 Large Page Support: Disabled
 NUMA Support: Disabled
 Compressed Oops: Enabled (32-bit)
 Heap Region Size: 1M
 Heap Min Capacity: 8M
 Heap Initial Capacity: 128M
 Heap Max Capacity: 2G
 Pre-touch: Disabled
 Parallel Workers: 2
 Concurrent Workers: 1
 Concurrent Refinement Workers: 2
 Periodic GC: Disabled
Heap:
 garbage-first heap   total 46080K, used 18750K [0x0000000080000000, 0x0000000100000000)
  region size 1024K, 5 young (5120K), 2 survivors (2048K)
 Metaspace       used 30647K, committed 30912K, reserved 1114112K
  class space    used 3677K, committed 3776K, reserved 1048576K
GC Heap History (20 events):
Event: 0.864 GC heap before
{Heap before GC invocations=0 (full 0):
 garbage-first heap   total 131072K, used 5120K [0x0000000080000000, 0x0000000100000000)
  region size 1024K, 6 young (6144K), 0 survivors (0K)
 Metaspace       used 549K, committed 704K, reserved 1114112K
  class space    used 32K, committed 128K, reserved 1048576K
}
Event: 0.879 GC heap after
{Heap after GC invocations=1 (full 0):
 garbage-first heap   total 131072K, used 3585K [0x0000000080000000, 0x0000000100000000)
  region size 1024K, 1 young (1024K), 1 survivors (1024K)
 Metaspace       used 549K, committed 704K, reserved 1114112K
  class space    used 32K, committed 128K, reserved 1048576K
}
Event: 1.336 GC heap before
{Heap before GC invocations=1 (full 0):
 garbage-first heap   total 131072K, used 7681K [0x0000000080000000, 0x0000000100000000)
  region size 1024K, 6 young (6144K), 1 survivors (1024K)
 Metaspace       used 2701K, committed 2816K, reserved 1114112K
  class space    used 250K, committed 320K, reserved 1048576K
}
Event: 1.340 GC heap after
{Heap after GC invocations=2 (full 0):
 garbage-first heap   total 131072K, used 4966K [0x0000000080000000, 0x0000000100000000)
  region size 1024K, 1 young (1024K), 1 survivors (1024K)
 Metaspace       used 2701K, committed 2816K, reserved 1114112K
  class space    used 250K, committed 320K, reserved 1048576K
}
Event: 1.764 GC heap before
{Heap before GC invocations=2 (full 0):
 garbage-first heap   total 131072K, used 12134K [0x0000000080000000, 0x0000000100000000)
  region size 1024K, 9 young (9216K), 1 survivors (1024K)
 Metaspace       used 5701K, committed 5824K, reserved 1114112K
  class space    used 603K, committed 640K, reserved 1048576K
}
Event: 1.770 GC heap after
{Heap after GC invocations=3 (full 0):
 garbage-first heap   total 131072K, used 5883K [0x0000000080000000, 0x0000000100000000)
  region size 1024K, 2 young (2048K), 2 survivors (2048K)
 Metaspace       used 5701K, committed 5824K, reserved 1114112K
  class space    used 603K, committed 640K, reserved 1048576K
}
Event: 2.669 GC heap before
{Heap before GC invocations=3 (full 0):
 garbage-first heap   total 131072K, used 35579K [0x0000000080000000, 0x0000000100000000)
  region size 1024K, 32 young (32768K), 2 survivors (2048K)
 Metaspace       used 14493K, committed 14720K, reserved 1114112K
  class space    used 1785K, committed 1856K, reserved 1048576K
}
Event: 2.681 GC heap after
{Heap after GC invocations=4 (full 0):
 garbage-first heap   total 131072K, used 7679K [0x0000000080000000, 0x0000000100000000)
  region size 1024K, 4 young (4096K), 4 survivors (4096K)
 Metaspace       used 14493K, committed 14720K, reserved 1114112K
  class space    used 1785K, committed 1856K, reserved 1048576K
}
Event: 4.434 GC heap before
{Heap before GC invocations=4 (full 0):
 garbage-first heap   total 131072K, used 32255K [0x0000000080000000, 0x0000000100000000)
  region size 1024K, 30 young (30720K), 4 survivors (4096K)
 Metaspace       used 21189K, committed 21504K, reserved 1114112K
  class space    used 2584K, committed 2752K, reserved 1048576K
}
Event: 4.450 GC heap after
{Heap after GC invocations=5 (full 0):
 garbage-first heap   total 131072K, used 10086K [0x0000000080000000, 0x0000000100000000)
  region size 1024K, 6 young (6144K), 6 survivors (6144K)
 Metaspace       used 21189K, committed 21504K, reserved 1114112K
  class space    used 2584K, committed 2752K, reserved 1048576K
}
Event: 5.007 GC heap before
{Heap before GC invocations=6 (full 0):
 garbage-first heap   total 37888K, used 26470K [0x0000000080000000, 0x0000000100000000)
  region size 1024K, 22 young (22528K), 6 survivors (6144K)
 Metaspace       used 21885K, committed 22208K, reserved 1114112K
  class space    used 2663K, committed 2816K, reserved 1048576K
}
Event: 5.027 GC heap after
{Heap after GC invocations=7 (full 0):
 garbage-first heap   total 37888K, used 11944K [0x0000000080000000, 0x0000000100000000)
  region size 1024K, 2 young (2048K), 2 survivors (2048K)
 Metaspace       used 21885K, committed 22208K, reserved 1114112K
  class space    used 2663K, committed 2816K, reserved 1048576K
}
Event: 5.064 GC heap before
{Heap before GC invocations=7 (full 0):
 garbage-first heap   total 37888K, used 12968K [0x0000000080000000, 0x0000000100000000)
  region size 1024K, 3 young (3072K), 2 survivors (2048K)
 Metaspace       used 21896K, committed 22208K, reserved 1114112K
  class space    used 2663K, committed 2816K, reserved 1048576K
}
Event: 5.070 GC heap after
{Heap after GC invocations=8 (full 0):
 garbage-first heap   total 46080K, used 12137K [0x0000000080000000, 0x0000000100000000)
  region size 1024K, 1 young (1024K), 1 survivors (1024K)
 Metaspace       used 21896K, committed 22208K, reserved 1114112K
  class space    used 2663K, committed 2816K, reserved 1048576K
}
Event: 5.768 GC heap before
{Heap before GC invocations=8 (full 0):
 garbage-first heap   total 46080K, used 32617K [0x0000000080000000, 0x0000000100000000)
  region size 1024K, 21 young (21504K), 1 survivors (1024K)
 Metaspace       used 23965K, committed 24320K, reserved 1114112K
  class space    used 2923K, committed 3072K, reserved 1048576K
}
Event: 5.781 GC heap after
{Heap after GC invocations=9 (full 0):
 garbage-first heap   total 46080K, used 13409K [0x0000000080000000, 0x0000000100000000)
  region size 1024K, 2 young (2048K), 2 survivors (2048K)
 Metaspace       used 23965K, committed 24320K, reserved 1114112K
  class space    used 2923K, committed 3072K, reserved 1048576K
}
Event: 6.600 GC heap before
{Heap before GC invocations=9 (full 0):
 garbage-first heap   total 46080K, used 33889K [0x0000000080000000, 0x0000000100000000)
  region size 1024K, 22 young (22528K), 2 survivors (2048K)
 Metaspace       used 28077K, committed 28416K, reserved 1114112K
  class space    used 3373K, committed 3520K, reserved 1048576K
}
Event: 6.611 GC heap after
{Heap after GC invocations=10 (full 0):
 garbage-first heap   total 46080K, used 15276K [0x0000000080000000, 0x0000000100000000)
  region size 1024K, 2 young (2048K), 2 survivors (2048K)
 Metaspace       used 28077K, committed 28416K, reserved 1114112K
  class space    used 3373K, committed 3520K, reserved 1048576K
}
Event: 7.264 GC heap before
{Heap before GC invocations=10 (full 0):
 garbage-first heap   total 46080K, used 33708K [0x0000000080000000, 0x0000000100000000)
  region size 1024K, 20 young (20480K), 2 survivors (2048K)
 Metaspace       used 30060K, committed 30400K, reserved 1114112K
  class space    used 3612K, committed 3776K, reserved 1048576K
}
Event: 7.274 GC heap after
{Heap after GC invocations=11 (full 0):
 garbage-first heap   total 46080K, used 16702K [0x0000000080000000, 0x0000000100000000)
  region size 1024K, 2 young (2048K), 2 survivors (2048K)
 Metaspace       used 30060K, committed 30400K, reserved 1114112K
  class space    used 3612K, committed 3776K, reserved 1048576K
}

